<W>2020-05-21 12:34:08.887 SSL: OpenSSL version is 'OpenSSL 1.0.2k  26 Jan 2017'
<W>2020-05-21 12:34:08.888 Initializing settings from /home/ferdi/lolchat/mumbleStuff/murmur-static_x86-1.3.0/murmur.ini (basepath /home/ferdi/lolchat/mumbleStuff/murmur-static_x86-1.3.0)
<W>2020-05-21 12:34:08.945 MetaParams: TLS cipher preference is "ECDHE-RSA-AES256-GCM-SHA384:ECDHE-ECDSA-AES256-GCM-SHA384:ECDHE-RSA-AES128-GCM-SHA256:ECDHE-ECDSA-AES128-GCM-SHA256:DHE-RSA-AES256-GCM-SHA384:DHE-RSA-AES128-GCM-SHA256:DHE-RSA-AES256-SHA:DHE-RSA-AES128-SHA:AES256-SHA:AES128-SHA"
<W>2020-05-21 12:34:08.978 ServerDB: Opened SQLite database /home/ferdi/lolchat/mumbleStuff/murmur-static_x86-1.3.0/murmur.sqlite
<W>2020-05-21 12:34:08.978 ServerDB: Using SQLite's default rollback journal.
<W>2020-05-21 12:34:09.857 Performed initial PBKDF2 benchmark. Will use 8000 iterations as default
<W>2020-05-21 12:34:09.858 Generating new tables...
<W>2020-05-21 12:34:09.865 MurmurIce: Endpoint "tcp -h 127.0.0.1 -p 6502" running
<W>2020-05-21 12:34:09.891 Murmur 1.3.0 (1.3.0) running on X11: Ubuntu 20.04 LTS: Booting servers
<W>2020-05-21 12:34:09.910 1 => Password for 'SuperUser' set to 'BgsVEM6kpLNc'
<W>2020-05-21 12:34:09.917 1 => Server: TCP Listen on 0.0.0.0:64738 failed: The bound address is already in use
<W>2020-05-21 12:34:09.918 1 => Stopped
<W>2020-05-22 09:48:26.673 SSL: OpenSSL version is 'OpenSSL 1.0.2k  26 Jan 2017'
<W>2020-05-22 09:48:26.674 Initializing settings from /home/ferdi/lolchat/mumbleStuff/murmur-static_x86-1.3.0/murmur.ini (basepath /home/ferdi/lolchat/mumbleStuff/murmur-static_x86-1.3.0)
<W>2020-05-22 09:48:26.891 MetaParams: TLS cipher preference is "ECDHE-RSA-AES256-GCM-SHA384:ECDHE-ECDSA-AES256-GCM-SHA384:ECDHE-RSA-AES128-GCM-SHA256:ECDHE-ECDSA-AES128-GCM-SHA256:DHE-RSA-AES256-GCM-SHA384:DHE-RSA-AES128-GCM-SHA256:DHE-RSA-AES256-SHA:DHE-RSA-AES128-SHA:AES256-SHA:AES128-SHA"
<W>2020-05-22 09:48:27.075 ServerDB: Opened SQLite database /home/ferdi/lolchat/mumbleStuff/murmur-static_x86-1.3.0/murmur.sqlite
<W>2020-05-22 09:48:27.086 ServerDB: Using SQLite's default rollback journal.
<W>2020-05-22 09:48:27.104 MurmurIce: Endpoint "tcp -h 127.0.0.1 -p 6502" running
<W>2020-05-22 09:48:27.439 Murmur 1.3.0 (1.3.0) running on X11: Ubuntu 20.04 LTS: Booting servers
<W>2020-05-22 09:48:27.456 1 => Server: TCP Listen on 0.0.0.0:64738 failed: The bound address is already in use
<W>2020-05-22 09:48:27.462 1 => Stopped
<W>2020-05-22 09:49:01.990 SSL: OpenSSL version is 'OpenSSL 1.0.2k  26 Jan 2017'
<W>2020-05-22 09:49:01.991 Initializing settings from /home/ferdi/lolchat/mumbleStuff/murmur-static_x86-1.3.0/murmur.ini (basepath /home/ferdi/lolchat/mumbleStuff/murmur-static_x86-1.3.0)
<W>2020-05-22 09:49:02.217 MetaParams: TLS cipher preference is "ECDHE-RSA-AES256-GCM-SHA384:ECDHE-ECDSA-AES256-GCM-SHA384:ECDHE-RSA-AES128-GCM-SHA256:ECDHE-ECDSA-AES128-GCM-SHA256:DHE-RSA-AES256-GCM-SHA384:DHE-RSA-AES128-GCM-SHA256:DHE-RSA-AES256-SHA:DHE-RSA-AES128-SHA:AES256-SHA:AES128-SHA"
<W>2020-05-22 09:49:02.446 ServerDB: Opened SQLite database /home/ferdi/lolchat/mumbleStuff/murmur-static_x86-1.3.0/murmur.sqlite
<W>2020-05-22 09:49:02.447 ServerDB: Using SQLite's default rollback journal.
<C>2020-05-22 09:49:02.512 MurmurIce: Initialization failed: Ice::SocketException
<W>2020-05-22 09:49:02.823 Murmur 1.3.0 (1.3.0) running on X11: Ubuntu 20.04 LTS: Booting servers
<W>2020-05-22 09:49:02.843 1 => Server: TCP Listen on 0.0.0.0:64738 failed: The bound address is already in use
<W>2020-05-22 09:49:02.849 1 => Stopped
<W>2020-05-22 11:11:48.716 1 => Server: TCP Listen on 0.0.0.0:64738 failed: The bound address is already in use
<W>2020-05-22 11:11:48.729 1 => Stopped
<W>2020-05-22 11:12:46.328 2 => Password for 'SuperUser' set to 'mStrHApkXrxa'
<W>2020-05-22 11:12:46.428 2 => Server listening on 0.0.0.0:64739
<W>2020-05-22 11:12:46.684 2 => Generating new server certificate.
<W>2020-05-22 11:12:47.387 2 => Announcing server via bonjour
<W>2020-05-22 11:12:47.442 2 => Registration needs nonempty 'registername', 'registerpassword' and 'registerurl', must have an empty 'password' and allowed pings.
<W>2020-05-22 11:13:40.006 1 => Server: TCP Listen on 0.0.0.0:64738 failed: The bound address is already in use
<W>2020-05-22 11:13:40.016 1 => Stopped
<W>2020-05-22 11:13:48.866 2 => Stopped announcing server via bonjour
<W>2020-05-22 11:13:48.874 2 => Stopped
<W>2020-05-22 11:43:25.051 1 => Password for 'SuperUser' set to 'yasB8yfei3x7'
<W>2020-05-22 11:43:25.091 1 => Server listening on 0.0.0.0:64738
<W>2020-05-22 11:43:25.422 1 => Generating new server certificate.
<W>2020-05-22 11:43:25.866 1 => Announcing server via bonjour
<W>2020-05-22 11:43:25.916 1 => Registration needs nonempty 'registername', 'registerpassword' and 'registerurl', must have an empty 'password' and allowed pings.
<W>2020-05-22 11:52:06.678 1 => Stopped announcing server via bonjour
<W>2020-05-22 11:52:06.697 1 => Stopped
<W>2020-05-22 11:52:18.887 1 => Password for 'SuperUser' set to 'Y6VWzHZDxcLg'
<W>2020-05-22 11:52:18.984 1 => Server listening on 0.0.0.0:64738
<W>2020-05-22 11:52:19.311 1 => Generating new server certificate.
<W>2020-05-22 11:52:20.389 1 => Announcing server via bonjour
<W>2020-05-22 11:52:20.416 1 => Registration needs nonempty 'registername', 'registerpassword' and 'registerurl', must have an empty 'password' and allowed pings.
<W>2020-05-22 11:53:11.869 1 => Stopped announcing server via bonjour
<W>2020-05-22 11:53:11.883 1 => Stopped
<W>2020-05-22 11:53:18.219 1 => Server listening on 0.0.0.0:64738
<W>2020-05-22 11:53:18.562 1 => Announcing server via bonjour
<W>2020-05-22 11:53:18.631 1 => Registration needs nonempty 'registername', 'registerpassword' and 'registerurl', must have an empty 'password' and allowed pings.
<W>2020-05-22 12:10:27.314 1 => Stopped announcing server via bonjour
<W>2020-05-22 12:10:27.325 1 => Stopped
<W>2020-05-22 12:11:09.926 1 => Server listening on 0.0.0.0:64738
<W>2020-05-22 12:11:10.324 1 => Announcing server via bonjour
<W>2020-05-22 12:11:10.394 1 => Registration needs nonempty 'registername', 'registerpassword' and 'registerurl', must have an empty 'password' and allowed pings.
<W>2020-05-22 12:14:36.006 1 => Stopped announcing server via bonjour
<W>2020-05-22 12:14:36.018 1 => Stopped
<W>2020-05-22 12:14:42.549 1 => Server listening on 0.0.0.0:64738
<W>2020-05-22 12:14:42.919 1 => Announcing server via bonjour
<W>2020-05-22 12:14:42.954 1 => Registration needs nonempty 'registername', 'registerpassword' and 'registerurl', must have an empty 'password' and allowed pings.
<W>2020-05-22 12:15:44.733 1 => Stopped announcing server via bonjour
<W>2020-05-22 12:15:44.788 1 => Stopped
<W>2020-05-22 12:15:47.247 1 => Server listening on 0.0.0.0:64738
<W>2020-05-22 12:15:47.594 1 => Announcing server via bonjour
<W>2020-05-22 12:15:47.692 1 => Registration needs nonempty 'registername', 'registerpassword' and 'registerurl', must have an empty 'password' and allowed pings.
<W>2020-05-22 12:17:05.419 1 => Stopped announcing server via bonjour
<W>2020-05-22 12:17:05.428 1 => Stopped
<W>2020-05-22 12:17:08.469 1 => Server listening on 0.0.0.0:64738
<W>2020-05-22 12:17:08.870 1 => Announcing server via bonjour
<W>2020-05-22 12:17:08.920 1 => Registration needs nonempty 'registername', 'registerpassword' and 'registerurl', must have an empty 'password' and allowed pings.
<W>2020-05-22 12:17:16.504 1 => Stopped announcing server via bonjour
<W>2020-05-22 12:17:16.631 1 => Stopped
<W>2020-05-22 12:17:21.553 1 => Server listening on 0.0.0.0:64738
<W>2020-05-22 12:17:21.910 1 => Announcing server via bonjour
<W>2020-05-22 12:17:21.976 1 => Registration needs nonempty 'registername', 'registerpassword' and 'registerurl', must have an empty 'password' and allowed pings.
<W>2020-05-22 14:01:09.768 1 => Stopped announcing server via bonjour
<W>2020-05-22 14:01:09.784 1 => Stopped
